Using pre-set license
Built from '2020.3/staging' branch; Version is '2020.3.17f1 (a4537701e4ab) revision 10769271'; Using compiler version '192528614'; Build Type 'Release'
OS: 'Windows 10 Pro; OS build 19043.1415; Version 2009; 64bit' Language: 'ko' Physical Memory: 32655 MB
BatchMode: 1, IsHumanControllingUs: 0, StartBugReporterOnCrash: 0, Is64bit: 1, IsPro: 0

COMMAND LINE ARGUMENTS:
C:\Program Files\Unity\Hub\Editor\2020.3.17f1\Editor\Unity.exe
-adb2
-batchMode
-noUpm
-name
AssetImportWorker0
-projectPath
C:/Users/hwasu/unity/Unity RPG Project
-logFile
Logs/AssetImportWorker0.log
-srvPort
2734
Successfully changed project path to: C:/Users/hwasu/unity/Unity RPG Project
C:/Users/hwasu/unity/Unity RPG Project
Using Asset Import Pipeline V2.
Refreshing native plugins compatible for Editor in 27.27 ms, found 2 plugins.
Preloading 0 native plugins for Editor in 0.00 ms.
Initialize engine version: 2020.3.17f1 (a4537701e4ab)
[Subsystems] Discovering subsystems at path C:/Program Files/Unity/Hub/Editor/2020.3.17f1/Editor/Data/Resources/UnitySubsystems
[Subsystems] Discovering subsystems at path C:/Users/hwasu/unity/Unity RPG Project/Assets
GfxDevice: creating device client; threaded=0
Direct3D:
    Version:  Direct3D 11.0 [level 11.1]
    Renderer: NVIDIA GeForce RTX 3060 Ti (ID=0x2489)
    Vendor:   
    VRAM:     8050 MB
    Driver:   30.0.14.7212
Initialize mono
Mono path[0] = 'C:/Program Files/Unity/Hub/Editor/2020.3.17f1/Editor/Data/Managed'
Mono path[1] = 'C:/Program Files/Unity/Hub/Editor/2020.3.17f1/Editor/Data/MonoBleedingEdge/lib/mono/unityjit'
Mono config path = 'C:/Program Files/Unity/Hub/Editor/2020.3.17f1/Editor/Data/MonoBleedingEdge/etc'
Using monoOptions --debugger-agent=transport=dt_socket,embedding=1,server=y,suspend=n,address=127.0.0.1:56384
Begin MonoManager ReloadAssembly
Registering precompiled unity dll's ...
Register platform support module: C:/Program Files/Unity/Hub/Editor/2020.3.17f1/Editor/Data/PlaybackEngines/WindowsStandaloneSupport/UnityEditor.WindowsStandalone.Extensions.dll
Registered in 0.002385 seconds.
Native extension for WindowsStandalone target not found
Refreshing native plugins compatible for Editor in 24.18 ms, found 2 plugins.
Preloading 0 native plugins for Editor in 0.00 ms.
Mono: successfully reloaded assembly
- Completed reload, in  1.606 seconds
Domain Reload Profiling:
	ReloadAssembly (1606ms)
		BeginReloadAssembly (52ms)
			ExecutionOrderSort (0ms)
			DisableScriptedObjects (0ms)
			BackupInstance (0ms)
			ReleaseScriptingObjects (0ms)
			CreateAndSetChildDomain (1ms)
		EndReloadAssembly (270ms)
			LoadAssemblies (49ms)
			RebuildTransferFunctionScriptingTraits (0ms)
			SetupTypeCache (89ms)
			ReleaseScriptCaches (0ms)
			RebuildScriptCaches (18ms)
			SetupLoadedEditorAssemblies (107ms)
				LogAssemblyErrors (0ms)
				InitializePlatformSupportModulesInManaged (3ms)
				SetLoadedEditorAssemblies (0ms)
				RefreshPlugins (24ms)
				BeforeProcessingInitializeOnLoad (9ms)
				ProcessInitializeOnLoadAttributes (52ms)
				ProcessInitializeOnLoadMethodAttributes (18ms)
				AfterProcessingInitializeOnLoad (0ms)
				EditorAssembliesLoaded (0ms)
			ExecutionOrderSort2 (0ms)
			AwakeInstancesAfterBackupRestoration (0ms)
Platform modules already initialized, skipping
Registering precompiled user dll's ...
Registered in 0.004933 seconds.
Begin MonoManager ReloadAssembly
Native extension for WindowsStandalone target not found
Refreshing native plugins compatible for Editor in 0.36 ms, found 2 plugins.
Preloading 0 native plugins for Editor in 0.00 ms.
Mono: successfully reloaded assembly
- Completed reload, in  0.748 seconds
Domain Reload Profiling:
	ReloadAssembly (748ms)
		BeginReloadAssembly (105ms)
			ExecutionOrderSort (0ms)
			DisableScriptedObjects (3ms)
			BackupInstance (0ms)
			ReleaseScriptingObjects (0ms)
			CreateAndSetChildDomain (12ms)
		EndReloadAssembly (597ms)
			LoadAssemblies (75ms)
			RebuildTransferFunctionScriptingTraits (0ms)
			SetupTypeCache (169ms)
			ReleaseScriptCaches (0ms)
			RebuildScriptCaches (28ms)
			SetupLoadedEditorAssemblies (280ms)
				LogAssemblyErrors (0ms)
				InitializePlatformSupportModulesInManaged (4ms)
				SetLoadedEditorAssemblies (0ms)
				RefreshPlugins (0ms)
				BeforeProcessingInitializeOnLoad (70ms)
				ProcessInitializeOnLoadAttributes (194ms)
				ProcessInitializeOnLoadMethodAttributes (3ms)
				AfterProcessingInitializeOnLoad (8ms)
				EditorAssembliesLoaded (0ms)
			ExecutionOrderSort2 (0ms)
			AwakeInstancesAfterBackupRestoration (4ms)
Platform modules already initialized, skipping
========================================================================
Worker process is ready to serve import requests
Launched and connected shader compiler UnityShaderCompiler.exe after 0.04 seconds
Refreshing native plugins compatible for Editor in 0.35 ms, found 2 plugins.
Preloading 0 native plugins for Editor in 0.00 ms.
Unloading 1652 Unused Serialized files (Serialized files now loaded: 0)
System memory in use before: 86.9 MB.
System memory in use after: 87.0 MB.

Unloading 19 unused Assets to reduce memory usage. Loaded Objects now: 2108.
Total: 2.279400 ms (FindLiveObjects: 0.109700 ms CreateObjectMapping: 0.037000 ms MarkObjects: 2.065800 ms  DeleteObjects: 0.066200 ms)

AssetImportParameters requested are different than current active one (requested -> active):
  custom:framework-win-MediaFoundation: 216162199b28c13a410421893ffa2e32 -> 
  custom:video-decoder-ogg-theora: a1e56fd34408186e4bbccfd4996cb3dc -> 
  custom:container-muxer-webm: aa71ff27fc2769a1b78a27578f13a17b -> 
  custom:container-demuxer-webm: 4f35f7cbe854078d1ac9338744f61a02 -> 
  custom:container-demuxer-ogg: 62fdf1f143b41e24485cea50d1cbac27 -> 
  custom:video-encoder-webm-vp8: eb34c28f22e8b96e1ab97ce403110664 -> 
  custom:video-decoder-webm-vp8: 9c59270c3fd7afecdb556c50c9e8de78 -> 
  custom:audio-decoder-ogg-vorbis: bf7c407c2cedff20999df2af8eb42d56 -> 
  custom:audio-encoder-webm-vorbis: bf7c407c2cedff20999df2af8eb42d56 -> 
========================================================================
Received Import Request.
  path: Assets/Game/Pickup/Root Pickup Variant.prefab
  artifactKey: Guid(c6d64f5ea243aa742ba42c508c3d911d) Importer(815301076,1909f56bfc062723c751e8b465ee728b)
Start importing Assets/Game/Pickup/Root Pickup Variant.prefab using Guid(c6d64f5ea243aa742ba42c508c3d911d) Importer(815301076,1909f56bfc062723c751e8b465ee728b)  -> (artifact id: '248b2c24f6922e642fb865f0ffdbe3bc') in 0.045501 seconds 
  Import took 0.047545 seconds .

========================================================================
Received Import Request.
  Time since last request: 6.319689 seconds.
  path: Assets/Game/Pickup/Health Pickup.prefab
  artifactKey: Guid(c6d64f5ea243aa742ba42c508c3d911d) Importer(815301076,1909f56bfc062723c751e8b465ee728b)
Start importing Assets/Game/Pickup/Health Pickup.prefab using Guid(c6d64f5ea243aa742ba42c508c3d911d) Importer(815301076,1909f56bfc062723c751e8b465ee728b)  -> (artifact id: '2d361b27f6ed36d440482e28e5b51f9c') in 0.010104 seconds 
  Import took 0.012322 seconds .

========================================================================
Received Import Request.
  Time since last request: 122.820809 seconds.
  path: Assets/Asset Packs/Synty - Polygon Student Sample/Prefabs/SM_Bld_Fence_02.prefab
  artifactKey: Guid(d66c89601ce96d4419ce36a4dce3c401) Importer(815301076,1909f56bfc062723c751e8b465ee728b)
Start importing Assets/Asset Packs/Synty - Polygon Student Sample/Prefabs/SM_Bld_Fence_02.prefab using Guid(d66c89601ce96d4419ce36a4dce3c401) Importer(815301076,1909f56bfc062723c751e8b465ee728b)  -> (artifact id: '955367b9999b289f80816d038e620008') in 0.048226 seconds 
  Import took 0.050811 seconds .

========================================================================
Received Import Request.
  Time since last request: 0.000197 seconds.
  path: Assets/Asset Packs/Synty - Polygon Student Sample/Prefabs/SM_Bld_Village_02.prefab
  artifactKey: Guid(f65a7bee03bbc4542a4af2c67922b549) Importer(815301076,1909f56bfc062723c751e8b465ee728b)
Start importing Assets/Asset Packs/Synty - Polygon Student Sample/Prefabs/SM_Bld_Village_02.prefab using Guid(f65a7bee03bbc4542a4af2c67922b549) Importer(815301076,1909f56bfc062723c751e8b465ee728b)  -> (artifact id: 'd9bcd20695e35f6ec7e758421a6d6736') in 0.016215 seconds 
  Import took 0.018898 seconds .

========================================================================
Received Import Request.
  Time since last request: 0.000165 seconds.
  path: Assets/Asset Packs/Synty - Polygon Student Sample/Prefabs/SM_Env_Bush_01.prefab
  artifactKey: Guid(f7e91e1d54c5ad64f8125310343f0d30) Importer(815301076,1909f56bfc062723c751e8b465ee728b)
Start importing Assets/Asset Packs/Synty - Polygon Student Sample/Prefabs/SM_Env_Bush_01.prefab using Guid(f7e91e1d54c5ad64f8125310343f0d30) Importer(815301076,1909f56bfc062723c751e8b465ee728b)  -> (artifact id: 'ab522f73825989cf6c204bf460d5dad9') in 0.012748 seconds 
  Import took 0.014680 seconds .

========================================================================
Received Import Request.
  Time since last request: 0.000171 seconds.
  path: Assets/Asset Packs/Synty - Polygon Student Sample/Prefabs/SM_Bld_House_Base_01.prefab
  artifactKey: Guid(8b17dbd29b0c2474d958f6a2aa5d3aa2) Importer(815301076,1909f56bfc062723c751e8b465ee728b)
Start importing Assets/Asset Packs/Synty - Polygon Student Sample/Prefabs/SM_Bld_House_Base_01.prefab using Guid(8b17dbd29b0c2474d958f6a2aa5d3aa2) Importer(815301076,1909f56bfc062723c751e8b465ee728b)  -> (artifact id: '4cc3b911dd05d54bac67d73829108436') in 0.011301 seconds 
  Import took 0.013502 seconds .

========================================================================
Received Import Request.
  Time since last request: 0.000181 seconds.
  path: Assets/Asset Packs/Synty - Polygon Student Sample/Prefabs/SM_Bld_House_Roof_Wood_01.prefab
  artifactKey: Guid(2b98fd7ecd6a2024e863e0a87aba16c5) Importer(815301076,1909f56bfc062723c751e8b465ee728b)
Start importing Assets/Asset Packs/Synty - Polygon Student Sample/Prefabs/SM_Bld_House_Roof_Wood_01.prefab using Guid(2b98fd7ecd6a2024e863e0a87aba16c5) Importer(815301076,1909f56bfc062723c751e8b465ee728b)  -> (artifact id: '5e476045cd51a04a88f7463d75fb6d02') in 0.015960 seconds 
  Import took 0.018218 seconds .

========================================================================
Received Import Request.
  Time since last request: 0.000166 seconds.
  path: Assets/Asset Packs/Synty - Polygon Student Sample/Prefabs/SM_Bld_Hut_01.prefab
  artifactKey: Guid(5a346deceb21d0c4781e67a70fbcc1f6) Importer(815301076,1909f56bfc062723c751e8b465ee728b)
Start importing Assets/Asset Packs/Synty - Polygon Student Sample/Prefabs/SM_Bld_Hut_01.prefab using Guid(5a346deceb21d0c4781e67a70fbcc1f6) Importer(815301076,1909f56bfc062723c751e8b465ee728b)  -> (artifact id: '6bf673fd1dacf287a962eb8eea055137') in 0.011995 seconds 
  Import took 0.013817 seconds .

========================================================================
Received Import Request.
  Time since last request: 0.000158 seconds.
  path: Assets/Asset Packs/Synty - Polygon Student Sample/Prefabs/SM_Env_FloorTile_05.prefab
  artifactKey: Guid(07ace05306ce58d49963df7396227e22) Importer(815301076,1909f56bfc062723c751e8b465ee728b)
Start importing Assets/Asset Packs/Synty - Polygon Student Sample/Prefabs/SM_Env_FloorTile_05.prefab using Guid(07ace05306ce58d49963df7396227e22) Importer(815301076,1909f56bfc062723c751e8b465ee728b)  -> (artifact id: '3359ea27f15d202acfc70f231ed61565') in 0.014583 seconds 
  Import took 0.016474 seconds .

========================================================================
Received Import Request.
  Time since last request: 0.000160 seconds.
  path: Assets/Asset Packs/Synty - Polygon Student Sample/Prefabs/SM_Bld_House_Door_02.prefab
  artifactKey: Guid(ed4751dea11af194482b9a88578df086) Importer(815301076,1909f56bfc062723c751e8b465ee728b)
Start importing Assets/Asset Packs/Synty - Polygon Student Sample/Prefabs/SM_Bld_House_Door_02.prefab using Guid(ed4751dea11af194482b9a88578df086) Importer(815301076,1909f56bfc062723c751e8b465ee728b)  -> (artifact id: '477c40d180291878a31a72817a7e69a6') in 0.011517 seconds 
  Import took 0.013392 seconds .

========================================================================
Received Import Request.
  Time since last request: 8.222844 seconds.
  path: Assets/Asset Packs/Synty - Polygon Student Sample/Prefabs/SM_Env_Flower_01.prefab
  artifactKey: Guid(d6389bfdb7e456640b3a45339aac60a4) Importer(815301076,1909f56bfc062723c751e8b465ee728b)
Start importing Assets/Asset Packs/Synty - Polygon Student Sample/Prefabs/SM_Env_Flower_01.prefab using Guid(d6389bfdb7e456640b3a45339aac60a4) Importer(815301076,1909f56bfc062723c751e8b465ee728b)  -> (artifact id: '4af46860d4184204a6fae9a91776b0b3') in 0.014101 seconds 
  Import took 0.016662 seconds .

========================================================================
Received Import Request.
  Time since last request: 1.211974 seconds.
  path: Assets/Asset Packs/Synty - Polygon Student Sample/Prefabs/SM_Env_Grass_01.prefab
  artifactKey: Guid(9ad607532c614c54ebd43e913aaf8857) Importer(815301076,1909f56bfc062723c751e8b465ee728b)
Start importing Assets/Asset Packs/Synty - Polygon Student Sample/Prefabs/SM_Env_Grass_01.prefab using Guid(9ad607532c614c54ebd43e913aaf8857) Importer(815301076,1909f56bfc062723c751e8b465ee728b)  -> (artifact id: '53041321d627bd68e1fab57ebf0b8707') in 0.011938 seconds 
  Import took 0.014089 seconds .

========================================================================
Received Import Request.
  Time since last request: 0.000689 seconds.
  path: Assets/Asset Packs/Synty - Polygon Student Sample/Prefabs/SM_Env_Grass_01.prefab
  artifactKey: Guid(9ad607532c614c54ebd43e913aaf8857) Importer(815301076,1909f56bfc062723c751e8b465ee728b)
Start importing Assets/Asset Packs/Synty - Polygon Student Sample/Prefabs/SM_Env_Grass_01.prefab using Guid(9ad607532c614c54ebd43e913aaf8857) Importer(815301076,1909f56bfc062723c751e8b465ee728b)  -> (artifact id: '53041321d627bd68e1fab57ebf0b8707') in 0.008595 seconds 
  Import took 0.010404 seconds .

========================================================================
Received Import Request.
  Time since last request: 0.014984 seconds.
  path: Assets/Asset Packs/Synty - Polygon Student Sample/Prefabs/SM_Env_Grass_Large_01.prefab
  artifactKey: Guid(dce1a891bc9f6744f8c11b28a4bf775d) Importer(815301076,1909f56bfc062723c751e8b465ee728b)
Start importing Assets/Asset Packs/Synty - Polygon Student Sample/Prefabs/SM_Env_Grass_Large_01.prefab using Guid(dce1a891bc9f6744f8c11b28a4bf775d) Importer(815301076,1909f56bfc062723c751e8b465ee728b)  -> (artifact id: '5edbb49abb086b1c140588daf1910b7b') in 0.011540 seconds 
  Import took 0.013744 seconds .

========================================================================
Received Import Request.
  Time since last request: 0.000556 seconds.
  path: Assets/Asset Packs/Synty - Polygon Student Sample/Prefabs/SM_Env_Grass_Large_01.prefab
  artifactKey: Guid(dce1a891bc9f6744f8c11b28a4bf775d) Importer(815301076,1909f56bfc062723c751e8b465ee728b)
Start importing Assets/Asset Packs/Synty - Polygon Student Sample/Prefabs/SM_Env_Grass_Large_01.prefab using Guid(dce1a891bc9f6744f8c11b28a4bf775d) Importer(815301076,1909f56bfc062723c751e8b465ee728b)  -> (artifact id: '5edbb49abb086b1c140588daf1910b7b') in 0.008828 seconds 
  Import took 0.010581 seconds .

========================================================================
Received Import Request.
  Time since last request: 0.000169 seconds.
  path: Assets/Asset Packs/Synty - Polygon Student Sample/Prefabs/SM_Env_GroundMound_01.prefab
  artifactKey: Guid(f0d166010146cdc4eb7c784d54eda812) Importer(815301076,1909f56bfc062723c751e8b465ee728b)
Start importing Assets/Asset Packs/Synty - Polygon Student Sample/Prefabs/SM_Env_GroundMound_01.prefab using Guid(f0d166010146cdc4eb7c784d54eda812) Importer(815301076,1909f56bfc062723c751e8b465ee728b)  -> (artifact id: 'be9369aeea84bec0f2e834980dd44910') in 0.023331 seconds 
  Import took 0.025313 seconds .

========================================================================
Received Import Request.
  Time since last request: 135.735727 seconds.
  path: Assets/Asset Packs/Synty - Polygon Student Sample/Materials/Characters_Texture_Black.mat
  artifactKey: Guid(01b2546c969fe814794af634cb4534f4) Importer(815301076,1909f56bfc062723c751e8b465ee728b)
Start importing Assets/Asset Packs/Synty - Polygon Student Sample/Materials/Characters_Texture_Black.mat using Guid(01b2546c969fe814794af634cb4534f4) Importer(815301076,1909f56bfc062723c751e8b465ee728b)  -> (artifact id: '5297c75d3c01cba25bca249e24ab657d') in 0.024323 seconds 
  Import took 0.026743 seconds .

========================================================================
Received Import Request.
  Time since last request: 0.000156 seconds.
  path: Assets/Asset Packs/Synty - Polygon Student Sample/Materials/Characters_Texture_Orange.mat
  artifactKey: Guid(78be5954566d2d848918e51832341fa3) Importer(815301076,1909f56bfc062723c751e8b465ee728b)
Start importing Assets/Asset Packs/Synty - Polygon Student Sample/Materials/Characters_Texture_Orange.mat using Guid(78be5954566d2d848918e51832341fa3) Importer(815301076,1909f56bfc062723c751e8b465ee728b)  -> (artifact id: '6e4b91502b7f4b67af06296518f7614f') in 0.011003 seconds 
  Import took 0.012818 seconds .

========================================================================
Received Import Request.
  Time since last request: 0.000164 seconds.
  path: Assets/Asset Packs/Synty - Polygon Student Sample/Materials/Texture_01_Vikings.mat
  artifactKey: Guid(bfe22610a21f6e3499d2fa2db4494a26) Importer(815301076,1909f56bfc062723c751e8b465ee728b)
Start importing Assets/Asset Packs/Synty - Polygon Student Sample/Materials/Texture_01_Vikings.mat using Guid(bfe22610a21f6e3499d2fa2db4494a26) Importer(815301076,1909f56bfc062723c751e8b465ee728b)  -> (artifact id: 'ecf08a538565d20f629c1a0ad28149cc') in 0.014256 seconds 
  Import took 0.016584 seconds .

========================================================================
Received Import Request.
  Time since last request: 0.000160 seconds.
  path: Assets/Asset Packs/Synty - Polygon Student Sample/Materials/PolygonSamurai_Tex_01.mat
  artifactKey: Guid(033436eda3ed8e04a8cfafa21edb958c) Importer(815301076,1909f56bfc062723c751e8b465ee728b)
Start importing Assets/Asset Packs/Synty - Polygon Student Sample/Materials/PolygonSamurai_Tex_01.mat using Guid(033436eda3ed8e04a8cfafa21edb958c) Importer(815301076,1909f56bfc062723c751e8b465ee728b)  -> (artifact id: '6e279479f38bc8bb64e7a27a51ced403') in 0.014277 seconds 
  Import took 0.016121 seconds .

========================================================================
Received Import Request.
  Time since last request: 0.000174 seconds.
  path: Assets/Asset Packs/Synty - Polygon Student Sample/Materials/Characters_Texture_Blue.mat
  artifactKey: Guid(3f6fc0cf5e5d31c458bc74ede87cb8ae) Importer(815301076,1909f56bfc062723c751e8b465ee728b)
Start importing Assets/Asset Packs/Synty - Polygon Student Sample/Materials/Characters_Texture_Blue.mat using Guid(3f6fc0cf5e5d31c458bc74ede87cb8ae) Importer(815301076,1909f56bfc062723c751e8b465ee728b)  -> (artifact id: 'd0107602efab1481513ad2bcccaef08a') in 0.011021 seconds 
  Import took 0.012905 seconds .

========================================================================
Received Import Request.
  Time since last request: 0.000171 seconds.
  path: Assets/Asset Packs/Synty - Polygon Student Sample/Materials/PolyKnights_Mat_01.mat
  artifactKey: Guid(31b16fd87cf33014c946e9d512d1e03c) Importer(815301076,1909f56bfc062723c751e8b465ee728b)
Start importing Assets/Asset Packs/Synty - Polygon Student Sample/Materials/PolyKnights_Mat_01.mat using Guid(31b16fd87cf33014c946e9d512d1e03c) Importer(815301076,1909f56bfc062723c751e8b465ee728b)  -> (artifact id: '895a3abea2c173951e42b87fbcb80753') in 0.011623 seconds 
  Import took 0.013661 seconds .

========================================================================
Received Import Request.
  Time since last request: 0.000226 seconds.
  path: Assets/Asset Packs/Synty - Polygon Student Sample/Materials/PolyKnights_Character_Mat_Black.mat
  artifactKey: Guid(ccae2dc6cf6f0c4479b782fedd0c8172) Importer(815301076,1909f56bfc062723c751e8b465ee728b)
Start importing Assets/Asset Packs/Synty - Polygon Student Sample/Materials/PolyKnights_Character_Mat_Black.mat using Guid(ccae2dc6cf6f0c4479b782fedd0c8172) Importer(815301076,1909f56bfc062723c751e8b465ee728b)  -> (artifact id: '111173299714a5fb67c2159f9942ca23') in 0.011217 seconds 
  Import took 0.013044 seconds .

========================================================================
Received Import Request.
  Time since last request: 0.000176 seconds.
  path: Assets/Asset Packs/Synty - Polygon Student Sample/Materials/PolyKnights_Character_Mat_Orange.mat
  artifactKey: Guid(75a95c1a6b684504c93637e35347c475) Importer(815301076,1909f56bfc062723c751e8b465ee728b)
Start importing Assets/Asset Packs/Synty - Polygon Student Sample/Materials/PolyKnights_Character_Mat_Orange.mat using Guid(75a95c1a6b684504c93637e35347c475) Importer(815301076,1909f56bfc062723c751e8b465ee728b)  -> (artifact id: 'a0a9820e49f02f35f108642e03830e48') in 0.010364 seconds 
  Import took 0.012699 seconds .

========================================================================
Received Import Request.
  Time since last request: 0.000162 seconds.
  path: Assets/Asset Packs/Synty - Polygon Student Sample/Materials/Texture_01.mat
  artifactKey: Guid(2658f55e20ebd064cb38049d0de94568) Importer(815301076,1909f56bfc062723c751e8b465ee728b)
Start importing Assets/Asset Packs/Synty - Polygon Student Sample/Materials/Texture_01.mat using Guid(2658f55e20ebd064cb38049d0de94568) Importer(815301076,1909f56bfc062723c751e8b465ee728b)  -> (artifact id: 'b3338a97fca54cb86b7aa7056c076178') in 0.014194 seconds 
  Import took 0.016133 seconds .

========================================================================
Received Import Request.
  Time since last request: 0.000282 seconds.
  path: Assets/Asset Packs/Synty - Polygon Student Sample/Materials/Characters_Texture_Red.mat
  artifactKey: Guid(bfbe2e8b331e2cc42be1591f949c0e41) Importer(815301076,1909f56bfc062723c751e8b465ee728b)
Start importing Assets/Asset Packs/Synty - Polygon Student Sample/Materials/Characters_Texture_Red.mat using Guid(bfbe2e8b331e2cc42be1591f949c0e41) Importer(815301076,1909f56bfc062723c751e8b465ee728b)  -> (artifact id: '046f970dc83628aa607d4dc087829c0b') in 0.010776 seconds 
  Import took 0.012968 seconds .

========================================================================
Received Import Request.
  Time since last request: 0.000175 seconds.
  path: Assets/Asset Packs/Synty - Polygon Student Sample/Materials/PolyVikings_Fire_FX.mat
  artifactKey: Guid(e8bc6160ccf0e9b4e950bcb511403374) Importer(815301076,1909f56bfc062723c751e8b465ee728b)
Start importing Assets/Asset Packs/Synty - Polygon Student Sample/Materials/PolyVikings_Fire_FX.mat using Guid(e8bc6160ccf0e9b4e950bcb511403374) Importer(815301076,1909f56bfc062723c751e8b465ee728b)  -> (artifact id: 'd41efbdb1a2acfd99762b60cf61ea9a6') in 0.015387 seconds 
  Import took 0.017628 seconds .

========================================================================
Received Import Request.
  Time since last request: 0.000168 seconds.
  path: Assets/Asset Packs/Synty - Polygon Student Sample/Materials/Characters_Texture_Red.mat
  artifactKey: Guid(bfbe2e8b331e2cc42be1591f949c0e41) Importer(815301076,1909f56bfc062723c751e8b465ee728b)
Start importing Assets/Asset Packs/Synty - Polygon Student Sample/Materials/Characters_Texture_Red.mat using Guid(bfbe2e8b331e2cc42be1591f949c0e41) Importer(815301076,1909f56bfc062723c751e8b465ee728b)  -> (artifact id: '046f970dc83628aa607d4dc087829c0b') in 0.008571 seconds 
  Import took 0.010310 seconds .

========================================================================
Received Import Request.
  Time since last request: 0.000171 seconds.
  path: Assets/Asset Packs/Synty - Polygon Student Sample/Materials/PolyVikings_Material_01.mat
  artifactKey: Guid(eb83b2b658dfc194e8b26c4421e3c748) Importer(815301076,1909f56bfc062723c751e8b465ee728b)
Start importing Assets/Asset Packs/Synty - Polygon Student Sample/Materials/PolyVikings_Material_01.mat using Guid(eb83b2b658dfc194e8b26c4421e3c748) Importer(815301076,1909f56bfc062723c751e8b465ee728b)  -> (artifact id: '1b25439b7e4270247abfa9c1b374550c') in 0.011740 seconds 
  Import took 0.013956 seconds .

========================================================================
Received Import Request.
  Time since last request: 0.000168 seconds.
  path: Assets/Asset Packs/Synty - Polygon Student Sample/Materials/PolygonSamurai_Mat_01.mat
  artifactKey: Guid(4eaaa3032586832468e97a6452e498a4) Importer(815301076,1909f56bfc062723c751e8b465ee728b)
Start importing Assets/Asset Packs/Synty - Polygon Student Sample/Materials/PolygonSamurai_Mat_01.mat using Guid(4eaaa3032586832468e97a6452e498a4) Importer(815301076,1909f56bfc062723c751e8b465ee728b)  -> (artifact id: '3cdfb89561792624a763a4a40f5871ed') in 0.011673 seconds 
  Import took 0.013610 seconds .

========================================================================
Received Import Request.
  Time since last request: 0.002103 seconds.
  path: Assets/Asset Packs/Synty - Polygon Student Sample/Materials/PolygonSamurai_Mat_01.mat
  artifactKey: Guid(4eaaa3032586832468e97a6452e498a4) Importer(815301076,1909f56bfc062723c751e8b465ee728b)
Start importing Assets/Asset Packs/Synty - Polygon Student Sample/Materials/PolygonSamurai_Mat_01.mat using Guid(4eaaa3032586832468e97a6452e498a4) Importer(815301076,1909f56bfc062723c751e8b465ee728b)  -> (artifact id: '3cdfb89561792624a763a4a40f5871ed') in 0.009617 seconds 
  Import took 0.011664 seconds .

========================================================================
Received Import Request.
  Time since last request: 0.381974 seconds.
  path: Assets/Asset Packs/Synty - Polygon Student Sample/Models/SM_Bld_Fence_02.fbx
  artifactKey: Guid(9ada23a6ef88d194e832263f906fb0af) Importer(815301076,1909f56bfc062723c751e8b465ee728b)
Start importing Assets/Asset Packs/Synty - Polygon Student Sample/Models/SM_Bld_Fence_02.fbx using Guid(9ada23a6ef88d194e832263f906fb0af) Importer(815301076,1909f56bfc062723c751e8b465ee728b)  -> (artifact id: '11be702bc7be32272ff437b42020ed55') in 0.035410 seconds 
  Import took 0.037696 seconds .

========================================================================
Received Import Request.
  Time since last request: 0.000172 seconds.
  path: Assets/Asset Packs/Synty - Polygon Student Sample/Models/SM_Env_Flower_01.fbx
  artifactKey: Guid(ce6fbdc6baa4d3b468d9f9e66afc7869) Importer(815301076,1909f56bfc062723c751e8b465ee728b)
Start importing Assets/Asset Packs/Synty - Polygon Student Sample/Models/SM_Env_Flower_01.fbx using Guid(ce6fbdc6baa4d3b468d9f9e66afc7869) Importer(815301076,1909f56bfc062723c751e8b465ee728b)  -> (artifact id: 'f7390e782897a252f6bea1b91e200ea8') in 0.010866 seconds 
  Import took 0.012978 seconds .

========================================================================
Received Import Request.
  Time since last request: 0.000173 seconds.
  path: Assets/Asset Packs/Synty - Polygon Student Sample/Models/SM_Env_FloorTile_01.fbx
  artifactKey: Guid(559a8d06c693aea4abc7298adcde2f04) Importer(815301076,1909f56bfc062723c751e8b465ee728b)
Start importing Assets/Asset Packs/Synty - Polygon Student Sample/Models/SM_Env_FloorTile_01.fbx using Guid(559a8d06c693aea4abc7298adcde2f04) Importer(815301076,1909f56bfc062723c751e8b465ee728b)  -> (artifact id: '31bc27627ae300643d6f462a424f3942') in 0.015703 seconds 
  Import took 0.017611 seconds .

========================================================================
Received Import Request.
  Time since last request: 0.000147 seconds.
  path: Assets/Asset Packs/Synty - Polygon Student Sample/Models/SM_Env_FloorTile_05.fbx
  artifactKey: Guid(57866f6a7e7c90341bd0cf0d03e1831a) Importer(815301076,1909f56bfc062723c751e8b465ee728b)
Start importing Assets/Asset Packs/Synty - Polygon Student Sample/Models/SM_Env_FloorTile_05.fbx using Guid(57866f6a7e7c90341bd0cf0d03e1831a) Importer(815301076,1909f56bfc062723c751e8b465ee728b)  -> (artifact id: '484ef6cbca606bce36821a8468a3e7ff') in 0.010872 seconds 
  Import took 0.012699 seconds .

========================================================================
Received Import Request.
  Time since last request: 0.000165 seconds.
  path: Assets/Asset Packs/Synty - Polygon Student Sample/Models/SM_Env_Bush_01.fbx
  artifactKey: Guid(e2d826462c94d6e40a1f35019c74ad10) Importer(815301076,1909f56bfc062723c751e8b465ee728b)
Start importing Assets/Asset Packs/Synty - Polygon Student Sample/Models/SM_Env_Bush_01.fbx using Guid(e2d826462c94d6e40a1f35019c74ad10) Importer(815301076,1909f56bfc062723c751e8b465ee728b)  -> (artifact id: 'a83dadf03c4795a9b1ff1c63eebdd3cc') in 0.011881 seconds 
  Import took 0.013791 seconds .

========================================================================
Received Import Request.
  Time since last request: 0.000163 seconds.
  path: Assets/Asset Packs/Synty - Polygon Student Sample/Models/SM_Bld_House_Door_02.fbx
  artifactKey: Guid(a611913609580724f9fa93d94babf25f) Importer(815301076,1909f56bfc062723c751e8b465ee728b)
Start importing Assets/Asset Packs/Synty - Polygon Student Sample/Models/SM_Bld_House_Door_02.fbx using Guid(a611913609580724f9fa93d94babf25f) Importer(815301076,1909f56bfc062723c751e8b465ee728b)  -> (artifact id: '704535bbe5c7dc319f383c3a8ff3a400') in 0.013399 seconds 
  Import took 0.015223 seconds .

========================================================================
Received Import Request.
  Time since last request: 0.000155 seconds.
  path: Assets/Asset Packs/Synty - Polygon Student Sample/Models/SM_Bld_House_Roof_Wood_01.fbx
  artifactKey: Guid(77b34bb6ede1cbe408ac8dbcd04298c0) Importer(815301076,1909f56bfc062723c751e8b465ee728b)
Start importing Assets/Asset Packs/Synty - Polygon Student Sample/Models/SM_Bld_House_Roof_Wood_01.fbx using Guid(77b34bb6ede1cbe408ac8dbcd04298c0) Importer(815301076,1909f56bfc062723c751e8b465ee728b)  -> (artifact id: '9f96b378f579cd155fe3e2374cc94902') in 0.011778 seconds 
  Import took 0.013543 seconds .

========================================================================
Received Import Request.
  Time since last request: 0.000163 seconds.
  path: Assets/Asset Packs/Synty - Polygon Student Sample/Models/SM_Bld_Village_02.fbx
  artifactKey: Guid(7cdd4aad661174e418cd81a99eccb1bc) Importer(815301076,1909f56bfc062723c751e8b465ee728b)
Start importing Assets/Asset Packs/Synty - Polygon Student Sample/Models/SM_Bld_Village_02.fbx using Guid(7cdd4aad661174e418cd81a99eccb1bc) Importer(815301076,1909f56bfc062723c751e8b465ee728b)  -> (artifact id: 'ac7c7f334711b1ed509b59414469f264') in 0.012521 seconds 
  Import took 0.014411 seconds .

========================================================================
Received Import Request.
  Time since last request: 0.000151 seconds.
  path: Assets/Asset Packs/Synty - Polygon Student Sample/Models/SM_Bld_House_Base_01.fbx
  artifactKey: Guid(3575b401828b93647871254a386a8c57) Importer(815301076,1909f56bfc062723c751e8b465ee728b)
Start importing Assets/Asset Packs/Synty - Polygon Student Sample/Models/SM_Bld_House_Base_01.fbx using Guid(3575b401828b93647871254a386a8c57) Importer(815301076,1909f56bfc062723c751e8b465ee728b)  -> (artifact id: 'eecc0d02cdd0dd0360d430cd84c3c374') in 0.013741 seconds 
  Import took 0.015577 seconds .

========================================================================
Received Import Request.
  Time since last request: 0.000151 seconds.
  path: Assets/Asset Packs/Synty - Polygon Student Sample/Models/SM_Bld_Hut_01.fbx
  artifactKey: Guid(92f411609fca4d74d98af8e1bd1d4732) Importer(815301076,1909f56bfc062723c751e8b465ee728b)
Start importing Assets/Asset Packs/Synty - Polygon Student Sample/Models/SM_Bld_Hut_01.fbx using Guid(92f411609fca4d74d98af8e1bd1d4732) Importer(815301076,1909f56bfc062723c751e8b465ee728b)  -> (artifact id: 'dba86298609a485ae2f4a59f79efc32b') in 0.011544 seconds 
  Import took 0.013366 seconds .

========================================================================
Received Import Request.
  Time since last request: 0.000255 seconds.
  path: Assets/Asset Packs/Synty - Polygon Student Sample/Models/SM_Bld_Hut_01.fbx
  artifactKey: Guid(92f411609fca4d74d98af8e1bd1d4732) Importer(815301076,1909f56bfc062723c751e8b465ee728b)
Start importing Assets/Asset Packs/Synty - Polygon Student Sample/Models/SM_Bld_Hut_01.fbx using Guid(92f411609fca4d74d98af8e1bd1d4732) Importer(815301076,1909f56bfc062723c751e8b465ee728b)  -> (artifact id: 'dba86298609a485ae2f4a59f79efc32b') in 0.013347 seconds 
  Import took 0.015221 seconds .

========================================================================
Received Import Request.
  Time since last request: 3.388758 seconds.
  path: Assets/Game/Pickup/Health Pickup.prefab
  artifactKey: Guid(c6d64f5ea243aa742ba42c508c3d911d) Importer(815301076,1909f56bfc062723c751e8b465ee728b)
Start importing Assets/Game/Pickup/Health Pickup.prefab using Guid(c6d64f5ea243aa742ba42c508c3d911d) Importer(815301076,1909f56bfc062723c751e8b465ee728b)  -> (artifact id: '2d9c29ea4b3747adf76d2da342be7b05') in 0.011069 seconds 
  Import took 0.013277 seconds .

========================================================================
Received Import Request.
  Time since last request: 55.059795 seconds.
  path: Assets/Scripts/Combat/Fighter.cs
  artifactKey: Guid(32e1408361ad40149a6921274045553c) Importer(815301076,1909f56bfc062723c751e8b465ee728b)
Start importing Assets/Scripts/Combat/Fighter.cs using Guid(32e1408361ad40149a6921274045553c) Importer(815301076,1909f56bfc062723c751e8b465ee728b)  -> (artifact id: '8bc41e97581b18cd69f2c742484270c1') in 0.011481 seconds 
  Import took 0.013659 seconds .

========================================================================
Received Import Request.
  Time since last request: 0.001023 seconds.
  path: Assets/Scripts/Combat/Fighter.cs
  artifactKey: Guid(32e1408361ad40149a6921274045553c) Importer(815301076,1909f56bfc062723c751e8b465ee728b)
Start importing Assets/Scripts/Combat/Fighter.cs using Guid(32e1408361ad40149a6921274045553c) Importer(815301076,1909f56bfc062723c751e8b465ee728b)  -> (artifact id: '8bc41e97581b18cd69f2c742484270c1') in 0.003194 seconds 
  Import took 0.004873 seconds .

========================================================================
Received Prepare
Registering precompiled user dll's ...
Registered in 0.004489 seconds.
Begin MonoManager ReloadAssembly
Native extension for WindowsStandalone target not found
Refreshing native plugins compatible for Editor in 0.35 ms, found 2 plugins.
Preloading 0 native plugins for Editor in 0.00 ms.
Mono: successfully reloaded assembly
- Completed reload, in  0.706 seconds
Domain Reload Profiling:
	ReloadAssembly (706ms)
		BeginReloadAssembly (98ms)
			ExecutionOrderSort (0ms)
			DisableScriptedObjects (3ms)
			BackupInstance (0ms)
			ReleaseScriptingObjects (0ms)
			CreateAndSetChildDomain (24ms)
		EndReloadAssembly (560ms)
			LoadAssemblies (75ms)
			RebuildTransferFunctionScriptingTraits (0ms)
			SetupTypeCache (158ms)
			ReleaseScriptCaches (1ms)
			RebuildScriptCaches (23ms)
			SetupLoadedEditorAssemblies (261ms)
				LogAssemblyErrors (0ms)
				InitializePlatformSupportModulesInManaged (3ms)
				SetLoadedEditorAssemblies (0ms)
				RefreshPlugins (0ms)
				BeforeProcessingInitializeOnLoad (68ms)
				ProcessInitializeOnLoadAttributes (178ms)
				ProcessInitializeOnLoadMethodAttributes (3ms)
				AfterProcessingInitializeOnLoad (8ms)
				EditorAssembliesLoaded (0ms)
			ExecutionOrderSort2 (0ms)
			AwakeInstancesAfterBackupRestoration (4ms)
Platform modules already initialized, skipping
Refreshing native plugins compatible for Editor in 0.36 ms, found 2 plugins.
Preloading 0 native plugins for Editor in 0.00 ms.
Unloading 1641 Unused Serialized files (Serialized files now loaded: 0)
System memory in use before: 89.8 MB.
System memory in use after: 89.9 MB.

Unloading 15 unused Assets to reduce memory usage. Loaded Objects now: 2153.
Total: 2.087700 ms (FindLiveObjects: 0.112900 ms CreateObjectMapping: 0.036700 ms MarkObjects: 1.922200 ms  DeleteObjects: 0.015200 ms)

AssetImportParameters requested are different than current active one (requested -> active):
  custom:framework-win-MediaFoundation: 216162199b28c13a410421893ffa2e32 -> 
  custom:video-decoder-ogg-theora: a1e56fd34408186e4bbccfd4996cb3dc -> 
  custom:container-muxer-webm: aa71ff27fc2769a1b78a27578f13a17b -> 
  custom:container-demuxer-webm: 4f35f7cbe854078d1ac9338744f61a02 -> 
  custom:container-demuxer-ogg: 62fdf1f143b41e24485cea50d1cbac27 -> 
  custom:video-encoder-webm-vp8: eb34c28f22e8b96e1ab97ce403110664 -> 
  custom:video-decoder-webm-vp8: 9c59270c3fd7afecdb556c50c9e8de78 -> 
  custom:audio-decoder-ogg-vorbis: bf7c407c2cedff20999df2af8eb42d56 -> 
  custom:audio-encoder-webm-vorbis: bf7c407c2cedff20999df2af8eb42d56 -> 
========================================================================
Received Prepare
Registering precompiled user dll's ...
Registered in 0.004885 seconds.
Begin MonoManager ReloadAssembly
Native extension for WindowsStandalone target not found
Refreshing native plugins compatible for Editor in 0.49 ms, found 2 plugins.
Preloading 0 native plugins for Editor in 0.00 ms.
Mono: successfully reloaded assembly
- Completed reload, in  0.795 seconds
Domain Reload Profiling:
	ReloadAssembly (796ms)
		BeginReloadAssembly (112ms)
			ExecutionOrderSort (0ms)
			DisableScriptedObjects (3ms)
			BackupInstance (0ms)
			ReleaseScriptingObjects (0ms)
			CreateAndSetChildDomain (25ms)
		EndReloadAssembly (629ms)
			LoadAssemblies (83ms)
			RebuildTransferFunctionScriptingTraits (0ms)
			SetupTypeCache (178ms)
			ReleaseScriptCaches (1ms)
			RebuildScriptCaches (27ms)
			SetupLoadedEditorAssemblies (295ms)
				LogAssemblyErrors (0ms)
				InitializePlatformSupportModulesInManaged (4ms)
				SetLoadedEditorAssemblies (0ms)
				RefreshPlugins (1ms)
				BeforeProcessingInitializeOnLoad (75ms)
				ProcessInitializeOnLoadAttributes (203ms)
				ProcessInitializeOnLoadMethodAttributes (3ms)
				AfterProcessingInitializeOnLoad (9ms)
				EditorAssembliesLoaded (0ms)
			ExecutionOrderSort2 (0ms)
			AwakeInstancesAfterBackupRestoration (5ms)
Platform modules already initialized, skipping
Refreshing native plugins compatible for Editor in 0.37 ms, found 2 plugins.
Preloading 0 native plugins for Editor in 0.00 ms.
Unloading 1641 Unused Serialized files (Serialized files now loaded: 0)
System memory in use before: 89.9 MB.
System memory in use after: 90.0 MB.

Unloading 14 unused Assets to reduce memory usage. Loaded Objects now: 2155.
Total: 2.161200 ms (FindLiveObjects: 0.126800 ms CreateObjectMapping: 0.030500 ms MarkObjects: 1.992200 ms  DeleteObjects: 0.011300 ms)

AssetImportParameters requested are different than current active one (requested -> active):
  custom:framework-win-MediaFoundation: 216162199b28c13a410421893ffa2e32 -> 
  custom:video-decoder-ogg-theora: a1e56fd34408186e4bbccfd4996cb3dc -> 
  custom:container-muxer-webm: aa71ff27fc2769a1b78a27578f13a17b -> 
  custom:container-demuxer-webm: 4f35f7cbe854078d1ac9338744f61a02 -> 
  custom:container-demuxer-ogg: 62fdf1f143b41e24485cea50d1cbac27 -> 
  custom:video-encoder-webm-vp8: eb34c28f22e8b96e1ab97ce403110664 -> 
  custom:video-decoder-webm-vp8: 9c59270c3fd7afecdb556c50c9e8de78 -> 
  custom:audio-decoder-ogg-vorbis: bf7c407c2cedff20999df2af8eb42d56 -> 
  custom:audio-encoder-webm-vorbis: bf7c407c2cedff20999df2af8eb42d56 -> 
========================================================================
Received Prepare
Registering precompiled user dll's ...
Registered in 0.004507 seconds.
Begin MonoManager ReloadAssembly
Native extension for WindowsStandalone target not found
Refreshing native plugins compatible for Editor in 0.35 ms, found 2 plugins.
Preloading 0 native plugins for Editor in 0.00 ms.
Mono: successfully reloaded assembly
- Completed reload, in  0.709 seconds
Domain Reload Profiling:
	ReloadAssembly (709ms)
		BeginReloadAssembly (104ms)
			ExecutionOrderSort (0ms)
			DisableScriptedObjects (3ms)
			BackupInstance (0ms)
			ReleaseScriptingObjects (0ms)
			CreateAndSetChildDomain (22ms)
		EndReloadAssembly (559ms)
			LoadAssemblies (74ms)
			RebuildTransferFunctionScriptingTraits (0ms)
			SetupTypeCache (160ms)
			ReleaseScriptCaches (1ms)
			RebuildScriptCaches (24ms)
			SetupLoadedEditorAssemblies (254ms)
				LogAssemblyErrors (0ms)
				InitializePlatformSupportModulesInManaged (3ms)
				SetLoadedEditorAssemblies (0ms)
				RefreshPlugins (0ms)
				BeforeProcessingInitializeOnLoad (67ms)
				ProcessInitializeOnLoadAttributes (171ms)
				ProcessInitializeOnLoadMethodAttributes (3ms)
				AfterProcessingInitializeOnLoad (8ms)
				EditorAssembliesLoaded (0ms)
			ExecutionOrderSort2 (0ms)
			AwakeInstancesAfterBackupRestoration (4ms)
Platform modules already initialized, skipping
Refreshing native plugins compatible for Editor in 0.36 ms, found 2 plugins.
Preloading 0 native plugins for Editor in 0.00 ms.
Unloading 1643 Unused Serialized files (Serialized files now loaded: 0)
System memory in use before: 90.2 MB.
System memory in use after: 90.3 MB.

Unloading 15 unused Assets to reduce memory usage. Loaded Objects now: 2158.
Total: 2.169800 ms (FindLiveObjects: 0.114300 ms CreateObjectMapping: 0.036700 ms MarkObjects: 1.962700 ms  DeleteObjects: 0.055100 ms)

AssetImportParameters requested are different than current active one (requested -> active):
  custom:framework-win-MediaFoundation: 216162199b28c13a410421893ffa2e32 -> 
  custom:video-decoder-ogg-theora: a1e56fd34408186e4bbccfd4996cb3dc -> 
  custom:container-muxer-webm: aa71ff27fc2769a1b78a27578f13a17b -> 
  custom:container-demuxer-webm: 4f35f7cbe854078d1ac9338744f61a02 -> 
  custom:container-demuxer-ogg: 62fdf1f143b41e24485cea50d1cbac27 -> 
  custom:video-encoder-webm-vp8: eb34c28f22e8b96e1ab97ce403110664 -> 
  custom:video-decoder-webm-vp8: 9c59270c3fd7afecdb556c50c9e8de78 -> 
  custom:audio-decoder-ogg-vorbis: bf7c407c2cedff20999df2af8eb42d56 -> 
  custom:audio-encoder-webm-vorbis: bf7c407c2cedff20999df2af8eb42d56 -> 
========================================================================
Received Import Request.
  Time since last request: 17575.750378 seconds.
  path: Assets/Standard Assets/Environment/Water (Basic)/Prefabs
  artifactKey: Guid(50d95e01ce44ff842949168ffec200cf) Importer(815301076,1909f56bfc062723c751e8b465ee728b)
Start importing Assets/Standard Assets/Environment/Water (Basic)/Prefabs using Guid(50d95e01ce44ff842949168ffec200cf) Importer(815301076,1909f56bfc062723c751e8b465ee728b)  -> (artifact id: '843aaaac3ab0c01532ac95c077908559') in 0.015460 seconds 
  Import took 0.021638 seconds .

========================================================================
Received Import Request.
  Time since last request: 0.026172 seconds.
  path: Assets/Standard Assets/Environment/Water (Basic)/Prefabs/WaterBasicDaytime.prefab
  artifactKey: Guid(9485b0c79d11e2e4d0007da98d76c639) Importer(815301076,1909f56bfc062723c751e8b465ee728b)
Start importing Assets/Standard Assets/Environment/Water (Basic)/Prefabs/WaterBasicDaytime.prefab using Guid(9485b0c79d11e2e4d0007da98d76c639) Importer(815301076,1909f56bfc062723c751e8b465ee728b)  -> (artifact id: '72ea983c8db105fdedea1bf2f8fd1838') in 0.066851 seconds 
  Import took 0.069187 seconds .

========================================================================
Received Import Request.
  Time since last request: 0.000166 seconds.
  path: Assets/Standard Assets/Environment/Water (Basic)/Prefabs/WaterBasicNightime.prefab
  artifactKey: Guid(6b436d069d11415d1100ab9b44295342) Importer(815301076,1909f56bfc062723c751e8b465ee728b)
Start importing Assets/Standard Assets/Environment/Water (Basic)/Prefabs/WaterBasicNightime.prefab using Guid(6b436d069d11415d1100ab9b44295342) Importer(815301076,1909f56bfc062723c751e8b465ee728b)  -> (artifact id: 'b0023c57b59b2c2f9bbfc04f3990872f') in 0.013526 seconds 
  Import took 0.015886 seconds .

========================================================================
Received Prepare
Registering precompiled user dll's ...
Registered in 0.005473 seconds.
Begin MonoManager ReloadAssembly
Native extension for WindowsStandalone target not found
Refreshing native plugins compatible for Editor in 0.36 ms, found 2 plugins.
Preloading 0 native plugins for Editor in 0.00 ms.
Mono: successfully reloaded assembly
- Completed reload, in  0.717 seconds
Domain Reload Profiling:
	ReloadAssembly (718ms)
		BeginReloadAssembly (112ms)
			ExecutionOrderSort (0ms)
			DisableScriptedObjects (3ms)
			BackupInstance (0ms)
			ReleaseScriptingObjects (0ms)
			CreateAndSetChildDomain (31ms)
		EndReloadAssembly (560ms)
			LoadAssemblies (75ms)
			RebuildTransferFunctionScriptingTraits (0ms)
			SetupTypeCache (163ms)
			ReleaseScriptCaches (1ms)
			RebuildScriptCaches (23ms)
			SetupLoadedEditorAssemblies (254ms)
				LogAssemblyErrors (0ms)
				InitializePlatformSupportModulesInManaged (3ms)
				SetLoadedEditorAssemblies (0ms)
				RefreshPlugins (0ms)
				BeforeProcessingInitializeOnLoad (66ms)
				ProcessInitializeOnLoadAttributes (173ms)
				ProcessInitializeOnLoadMethodAttributes (3ms)
				AfterProcessingInitializeOnLoad (8ms)
				EditorAssembliesLoaded (0ms)
			ExecutionOrderSort2 (0ms)
			AwakeInstancesAfterBackupRestoration (4ms)
Platform modules already initialized, skipping
Refreshing native plugins compatible for Editor in 0.37 ms, found 2 plugins.
Preloading 0 native plugins for Editor in 0.00 ms.
Unloading 1655 Unused Serialized files (Serialized files now loaded: 0)
System memory in use before: 91.4 MB.
System memory in use after: 91.1 MB.

Unloading 17 unused Assets to reduce memory usage. Loaded Objects now: 2172.
Total: 2.354600 ms (FindLiveObjects: 0.132700 ms CreateObjectMapping: 0.037100 ms MarkObjects: 2.016200 ms  DeleteObjects: 0.167500 ms)

AssetImportParameters requested are different than current active one (requested -> active):
  custom:framework-win-MediaFoundation: 216162199b28c13a410421893ffa2e32 -> 
  custom:video-decoder-ogg-theora: a1e56fd34408186e4bbccfd4996cb3dc -> 
  custom:container-muxer-webm: aa71ff27fc2769a1b78a27578f13a17b -> 
  custom:container-demuxer-webm: 4f35f7cbe854078d1ac9338744f61a02 -> 
  custom:container-demuxer-ogg: 62fdf1f143b41e24485cea50d1cbac27 -> 
  custom:video-encoder-webm-vp8: eb34c28f22e8b96e1ab97ce403110664 -> 
  custom:video-decoder-webm-vp8: 9c59270c3fd7afecdb556c50c9e8de78 -> 
  custom:audio-decoder-ogg-vorbis: bf7c407c2cedff20999df2af8eb42d56 -> 
  custom:audio-encoder-webm-vorbis: bf7c407c2cedff20999df2af8eb42d56 -> 
========================================================================
Received Import Request.
  Time since last request: 197.388475 seconds.
  path: Assets/Standard Assets/Environment/Water (Basic)/Textures/WaterBasicDaytimeGradient.psd
  artifactKey: Guid(047330f39d11745ad0004adb8d76c639) Importer(815301076,1909f56bfc062723c751e8b465ee728b)
Start importing Assets/Standard Assets/Environment/Water (Basic)/Textures/WaterBasicDaytimeGradient.psd using Guid(047330f39d11745ad0004adb8d76c639) Importer(815301076,1909f56bfc062723c751e8b465ee728b)  -> (artifact id: 'af56c530f474a51d00439c874e382e1b') in 0.042331 seconds 
  Import took 0.045035 seconds .

========================================================================
Received Import Request.
  Time since last request: 0.000171 seconds.
  path: Assets/Standard Assets/Environment/Water (Basic)/Textures/WaterBasicNormals.jpg
  artifactKey: Guid(a53cf5449d11a15d1100a04b44295342) Importer(815301076,1909f56bfc062723c751e8b465ee728b)
Start importing Assets/Standard Assets/Environment/Water (Basic)/Textures/WaterBasicNormals.jpg using Guid(a53cf5449d11a15d1100a04b44295342) Importer(815301076,1909f56bfc062723c751e8b465ee728b)  -> (artifact id: '73262c5847f5c5e133200926e009256b') in 0.075310 seconds 
  Import took 0.077555 seconds .

========================================================================
Received Import Request.
  Time since last request: 0.000158 seconds.
  path: Assets/Standard Assets/Environment/Water (Basic)/Textures/WaterBasicNighttimeGradient.psd
  artifactKey: Guid(8403d3349d112ba4d000be1be39e7c39) Importer(815301076,1909f56bfc062723c751e8b465ee728b)
Start importing Assets/Standard Assets/Environment/Water (Basic)/Textures/WaterBasicNighttimeGradient.psd using Guid(8403d3349d112ba4d000be1be39e7c39) Importer(815301076,1909f56bfc062723c751e8b465ee728b)  -> (artifact id: '7e39510cb5ef2b467efba4a64fd3dce0') in 0.009390 seconds 
  Import took 0.011405 seconds .

========================================================================
Received Import Request.
  Time since last request: 5.263863 seconds.
  path: Assets/Standard Assets/Environment/Water/Water/Prefabs
  artifactKey: Guid(2dc67c8fe799ae845add403087340bd1) Importer(815301076,1909f56bfc062723c751e8b465ee728b)
Start importing Assets/Standard Assets/Environment/Water/Water/Prefabs using Guid(2dc67c8fe799ae845add403087340bd1) Importer(815301076,1909f56bfc062723c751e8b465ee728b)  -> (artifact id: '0a9e8995d01ffb9398cc19572c682e11') in 0.005234 seconds 
  Import took 0.009461 seconds .

========================================================================
Received Import Request.
  Time since last request: 0.000215 seconds.
  path: Assets/Standard Assets/Environment/Water/Water/Prefabs
  artifactKey: Guid(2dc67c8fe799ae845add403087340bd1) Importer(815301076,1909f56bfc062723c751e8b465ee728b)
Start importing Assets/Standard Assets/Environment/Water/Water/Prefabs using Guid(2dc67c8fe799ae845add403087340bd1) Importer(815301076,1909f56bfc062723c751e8b465ee728b)  -> (artifact id: '0a9e8995d01ffb9398cc19572c682e11') in 0.003311 seconds 
  Import took 0.004924 seconds .

========================================================================
Received Import Request.
  Time since last request: 0.060387 seconds.
  path: Assets/Standard Assets/Environment/Water/Water/Prefabs/WaterProDaytime.prefab
  artifactKey: Guid(780611a67e8e941a2b3aa96e5915a793) Importer(815301076,1909f56bfc062723c751e8b465ee728b)
Start importing Assets/Standard Assets/Environment/Water/Water/Prefabs/WaterProDaytime.prefab using Guid(780611a67e8e941a2b3aa96e5915a793) Importer(815301076,1909f56bfc062723c751e8b465ee728b)  -> (artifact id: 'c79f85a97c5be0e1a682f2083c6edf63') in 0.027984 seconds 
  Import took 0.030648 seconds .

========================================================================
Received Import Request.
  Time since last request: 0.000162 seconds.
  path: Assets/Standard Assets/Environment/Water/Water/Prefabs/WaterProNighttime.prefab
  artifactKey: Guid(bcae914220acd4907840a029bb9d9aec) Importer(815301076,1909f56bfc062723c751e8b465ee728b)
Start importing Assets/Standard Assets/Environment/Water/Water/Prefabs/WaterProNighttime.prefab using Guid(bcae914220acd4907840a029bb9d9aec) Importer(815301076,1909f56bfc062723c751e8b465ee728b)  -> (artifact id: '2c89404ad32d7effe7fed9d045755c87') in 0.013618 seconds 
  Import took 0.015896 seconds .

========================================================================
Received Prepare
Registering precompiled user dll's ...
Registered in 0.005439 seconds.
Begin MonoManager ReloadAssembly
Native extension for WindowsStandalone target not found
Refreshing native plugins compatible for Editor in 0.35 ms, found 2 plugins.
Preloading 0 native plugins for Editor in 0.00 ms.
Mono: successfully reloaded assembly
- Completed reload, in  0.692 seconds
Domain Reload Profiling:
	ReloadAssembly (692ms)
		BeginReloadAssembly (90ms)
			ExecutionOrderSort (0ms)
			DisableScriptedObjects (3ms)
			BackupInstance (0ms)
			ReleaseScriptingObjects (0ms)
			CreateAndSetChildDomain (22ms)
		EndReloadAssembly (554ms)
			LoadAssemblies (75ms)
			RebuildTransferFunctionScriptingTraits (0ms)
			SetupTypeCache (158ms)
			ReleaseScriptCaches (1ms)
			RebuildScriptCaches (23ms)
			SetupLoadedEditorAssemblies (256ms)
				LogAssemblyErrors (0ms)
				InitializePlatformSupportModulesInManaged (3ms)
				SetLoadedEditorAssemblies (0ms)
				RefreshPlugins (0ms)
				BeforeProcessingInitializeOnLoad (65ms)
				ProcessInitializeOnLoadAttributes (175ms)
				ProcessInitializeOnLoadMethodAttributes (3ms)
				AfterProcessingInitializeOnLoad (9ms)
				EditorAssembliesLoaded (0ms)
			ExecutionOrderSort2 (0ms)
			AwakeInstancesAfterBackupRestoration (4ms)
Platform modules already initialized, skipping
Refreshing native plugins compatible for Editor in 0.36 ms, found 2 plugins.
Preloading 0 native plugins for Editor in 0.00 ms.
Unloading 1653 Unused Serialized files (Serialized files now loaded: 0)
System memory in use before: 91.3 MB.
System memory in use after: 91.1 MB.

Unloading 16 unused Assets to reduce memory usage. Loaded Objects now: 2180.
Total: 2.187300 ms (FindLiveObjects: 0.104200 ms CreateObjectMapping: 0.030500 ms MarkObjects: 1.908300 ms  DeleteObjects: 0.143800 ms)

AssetImportParameters requested are different than current active one (requested -> active):
  custom:framework-win-MediaFoundation: 216162199b28c13a410421893ffa2e32 -> 
  custom:video-decoder-ogg-theora: a1e56fd34408186e4bbccfd4996cb3dc -> 
  custom:container-muxer-webm: aa71ff27fc2769a1b78a27578f13a17b -> 
  custom:container-demuxer-webm: 4f35f7cbe854078d1ac9338744f61a02 -> 
  custom:container-demuxer-ogg: 62fdf1f143b41e24485cea50d1cbac27 -> 
  custom:video-encoder-webm-vp8: eb34c28f22e8b96e1ab97ce403110664 -> 
  custom:video-decoder-webm-vp8: 9c59270c3fd7afecdb556c50c9e8de78 -> 
  custom:audio-decoder-ogg-vorbis: bf7c407c2cedff20999df2af8eb42d56 -> 
  custom:audio-encoder-webm-vorbis: bf7c407c2cedff20999df2af8eb42d56 -> 
========================================================================
Received Prepare
Registering precompiled user dll's ...
Registered in 0.005300 seconds.
Begin MonoManager ReloadAssembly
Native extension for WindowsStandalone target not found
Refreshing native plugins compatible for Editor in 0.36 ms, found 2 plugins.
Preloading 0 native plugins for Editor in 0.00 ms.
Mono: successfully reloaded assembly
- Completed reload, in  0.698 seconds
Domain Reload Profiling:
	ReloadAssembly (698ms)
		BeginReloadAssembly (99ms)
			ExecutionOrderSort (0ms)
			DisableScriptedObjects (3ms)
			BackupInstance (0ms)
			ReleaseScriptingObjects (0ms)
			CreateAndSetChildDomain (21ms)
		EndReloadAssembly (549ms)
			LoadAssemblies (77ms)
			RebuildTransferFunctionScriptingTraits (0ms)
			SetupTypeCache (154ms)
			ReleaseScriptCaches (1ms)
			RebuildScriptCaches (23ms)
			SetupLoadedEditorAssemblies (254ms)
				LogAssemblyErrors (0ms)
				InitializePlatformSupportModulesInManaged (3ms)
				SetLoadedEditorAssemblies (0ms)
				RefreshPlugins (0ms)
				BeforeProcessingInitializeOnLoad (64ms)
				ProcessInitializeOnLoadAttributes (175ms)
				ProcessInitializeOnLoadMethodAttributes (3ms)
				AfterProcessingInitializeOnLoad (8ms)
				EditorAssembliesLoaded (0ms)
			ExecutionOrderSort2 (0ms)
			AwakeInstancesAfterBackupRestoration (4ms)
Platform modules already initialized, skipping
Refreshing native plugins compatible for Editor in 0.36 ms, found 2 plugins.
Preloading 0 native plugins for Editor in 0.00 ms.
Unloading 1652 Unused Serialized files (Serialized files now loaded: 0)
System memory in use before: 91.2 MB.
System memory in use after: 91.0 MB.

Unloading 16 unused Assets to reduce memory usage. Loaded Objects now: 2182.
Total: 2.232800 ms (FindLiveObjects: 0.111800 ms CreateObjectMapping: 0.036500 ms MarkObjects: 1.935800 ms  DeleteObjects: 0.147900 ms)

AssetImportParameters requested are different than current active one (requested -> active):
  custom:framework-win-MediaFoundation: 216162199b28c13a410421893ffa2e32 -> 
  custom:video-decoder-ogg-theora: a1e56fd34408186e4bbccfd4996cb3dc -> 
  custom:container-muxer-webm: aa71ff27fc2769a1b78a27578f13a17b -> 
  custom:container-demuxer-webm: 4f35f7cbe854078d1ac9338744f61a02 -> 
  custom:container-demuxer-ogg: 62fdf1f143b41e24485cea50d1cbac27 -> 
  custom:video-encoder-webm-vp8: eb34c28f22e8b96e1ab97ce403110664 -> 
  custom:video-decoder-webm-vp8: 9c59270c3fd7afecdb556c50c9e8de78 -> 
  custom:audio-decoder-ogg-vorbis: bf7c407c2cedff20999df2af8eb42d56 -> 
  custom:audio-encoder-webm-vorbis: bf7c407c2cedff20999df2af8eb42d56 -> 
========================================================================
Received Import Request.
  Time since last request: 180.800973 seconds.
  path: Assets/Standard Assets/Environment/Water/Water/Textures/WaterFresnel.psd
  artifactKey: Guid(5b5c5575fd4c74abd9f7b30862fb76a3) Importer(815301076,1909f56bfc062723c751e8b465ee728b)
Start importing Assets/Standard Assets/Environment/Water/Water/Textures/WaterFresnel.psd using Guid(5b5c5575fd4c74abd9f7b30862fb76a3) Importer(815301076,1909f56bfc062723c751e8b465ee728b)  -> (artifact id: 'cff5832daca29fa8e0ccff64ec048955') in 0.032322 seconds 
  Import took 0.034755 seconds .

========================================================================
Received Import Request.
  Time since last request: 0.000145 seconds.
  path: Assets/Standard Assets/Environment/Water/Water/Textures/WaterProDaytimeGradient.psd
  artifactKey: Guid(ab97f9ab7c2ce724ebc9446060a819a4) Importer(815301076,1909f56bfc062723c751e8b465ee728b)
Start importing Assets/Standard Assets/Environment/Water/Water/Textures/WaterProDaytimeGradient.psd using Guid(ab97f9ab7c2ce724ebc9446060a819a4) Importer(815301076,1909f56bfc062723c751e8b465ee728b)  -> (artifact id: 'b76aac793ad5c3b0aa3823f4909f1816') in 0.009171 seconds 
  Import took 0.011122 seconds .

========================================================================
Received Import Request.
  Time since last request: 0.000139 seconds.
  path: Assets/Standard Assets/Environment/Water/Water/Textures/WaterFresnel.psd
  artifactKey: Guid(5b5c5575fd4c74abd9f7b30862fb76a3) Importer(815301076,1909f56bfc062723c751e8b465ee728b)
Start importing Assets/Standard Assets/Environment/Water/Water/Textures/WaterFresnel.psd using Guid(5b5c5575fd4c74abd9f7b30862fb76a3) Importer(815301076,1909f56bfc062723c751e8b465ee728b)  -> (artifact id: 'cff5832daca29fa8e0ccff64ec048955') in 0.006840 seconds 
  Import took 0.008759 seconds .

========================================================================
Received Import Request.
  Time since last request: 0.000150 seconds.
  path: Assets/Standard Assets/Environment/Water/Water/Textures/WaterBump.jpg
  artifactKey: Guid(2dd3788f8589b40bf82a92d76ffc5091) Importer(815301076,1909f56bfc062723c751e8b465ee728b)
Start importing Assets/Standard Assets/Environment/Water/Water/Textures/WaterBump.jpg using Guid(2dd3788f8589b40bf82a92d76ffc5091) Importer(815301076,1909f56bfc062723c751e8b465ee728b)  -> (artifact id: '565b7fef2d932ba2d8037f95ebf66fa1') in 0.013349 seconds 
  Import took 0.015690 seconds .

========================================================================
Received Prepare
Registering precompiled user dll's ...
Registered in 0.005184 seconds.
Begin MonoManager ReloadAssembly
Native extension for WindowsStandalone target not found
Refreshing native plugins compatible for Editor in 0.38 ms, found 2 plugins.
Preloading 0 native plugins for Editor in 0.00 ms.
Mono: successfully reloaded assembly
- Completed reload, in  0.797 seconds
Domain Reload Profiling:
	ReloadAssembly (797ms)
		BeginReloadAssembly (109ms)
			ExecutionOrderSort (0ms)
			DisableScriptedObjects (3ms)
			BackupInstance (0ms)
			ReleaseScriptingObjects (0ms)
			CreateAndSetChildDomain (25ms)
		EndReloadAssembly (636ms)
			LoadAssemblies (82ms)
			RebuildTransferFunctionScriptingTraits (0ms)
			SetupTypeCache (185ms)
			ReleaseScriptCaches (1ms)
			RebuildScriptCaches (28ms)
			SetupLoadedEditorAssemblies (287ms)
				LogAssemblyErrors (0ms)
				InitializePlatformSupportModulesInManaged (4ms)
				SetLoadedEditorAssemblies (0ms)
				RefreshPlugins (0ms)
				BeforeProcessingInitializeOnLoad (74ms)
				ProcessInitializeOnLoadAttributes (197ms)
				ProcessInitializeOnLoadMethodAttributes (3ms)
				AfterProcessingInitializeOnLoad (9ms)
				EditorAssembliesLoaded (0ms)
			ExecutionOrderSort2 (0ms)
			AwakeInstancesAfterBackupRestoration (5ms)
Platform modules already initialized, skipping
Refreshing native plugins compatible for Editor in 0.37 ms, found 2 plugins.
Preloading 0 native plugins for Editor in 0.00 ms.
Unloading 1652 Unused Serialized files (Serialized files now loaded: 0)
System memory in use before: 91.2 MB.
System memory in use after: 91.0 MB.

Unloading 16 unused Assets to reduce memory usage. Loaded Objects now: 2186.
Total: 2.466400 ms (FindLiveObjects: 0.139000 ms CreateObjectMapping: 0.038700 ms MarkObjects: 2.124700 ms  DeleteObjects: 0.163400 ms)

AssetImportParameters requested are different than current active one (requested -> active):
  custom:framework-win-MediaFoundation: 216162199b28c13a410421893ffa2e32 -> 
  custom:video-decoder-ogg-theora: a1e56fd34408186e4bbccfd4996cb3dc -> 
  custom:container-muxer-webm: aa71ff27fc2769a1b78a27578f13a17b -> 
  custom:container-demuxer-webm: 4f35f7cbe854078d1ac9338744f61a02 -> 
  custom:container-demuxer-ogg: 62fdf1f143b41e24485cea50d1cbac27 -> 
  custom:video-encoder-webm-vp8: eb34c28f22e8b96e1ab97ce403110664 -> 
  custom:video-decoder-webm-vp8: 9c59270c3fd7afecdb556c50c9e8de78 -> 
  custom:audio-decoder-ogg-vorbis: bf7c407c2cedff20999df2af8eb42d56 -> 
  custom:audio-encoder-webm-vorbis: bf7c407c2cedff20999df2af8eb42d56 -> 
========================================================================
Received Prepare
Registering precompiled user dll's ...
Registered in 0.004722 seconds.
Begin MonoManager ReloadAssembly
Native extension for WindowsStandalone target not found
Refreshing native plugins compatible for Editor in 0.44 ms, found 2 plugins.
Preloading 0 native plugins for Editor in 0.00 ms.
Mono: successfully reloaded assembly
- Completed reload, in  0.700 seconds
Domain Reload Profiling:
	ReloadAssembly (701ms)
		BeginReloadAssembly (102ms)
			ExecutionOrderSort (0ms)
			DisableScriptedObjects (3ms)
			BackupInstance (0ms)
			ReleaseScriptingObjects (0ms)
			CreateAndSetChildDomain (22ms)
		EndReloadAssembly (554ms)
			LoadAssemblies (73ms)
			RebuildTransferFunctionScriptingTraits (0ms)
			SetupTypeCache (157ms)
			ReleaseScriptCaches (1ms)
			RebuildScriptCaches (23ms)
			SetupLoadedEditorAssemblies (255ms)
				LogAssemblyErrors (0ms)
				InitializePlatformSupportModulesInManaged (4ms)
				SetLoadedEditorAssemblies (0ms)
				RefreshPlugins (0ms)
				BeforeProcessingInitializeOnLoad (65ms)
				ProcessInitializeOnLoadAttributes (175ms)
				ProcessInitializeOnLoadMethodAttributes (3ms)
				AfterProcessingInitializeOnLoad (8ms)
				EditorAssembliesLoaded (0ms)
			ExecutionOrderSort2 (0ms)
			AwakeInstancesAfterBackupRestoration (4ms)
Platform modules already initialized, skipping
Refreshing native plugins compatible for Editor in 0.44 ms, found 2 plugins.
Preloading 0 native plugins for Editor in 0.00 ms.
Unloading 1652 Unused Serialized files (Serialized files now loaded: 0)
System memory in use before: 91.2 MB.
System memory in use after: 91.0 MB.

Unloading 16 unused Assets to reduce memory usage. Loaded Objects now: 2188.
Total: 2.240400 ms (FindLiveObjects: 0.115600 ms CreateObjectMapping: 0.035800 ms MarkObjects: 1.932100 ms  DeleteObjects: 0.156100 ms)

AssetImportParameters requested are different than current active one (requested -> active):
  custom:framework-win-MediaFoundation: 216162199b28c13a410421893ffa2e32 -> 
  custom:video-decoder-ogg-theora: a1e56fd34408186e4bbccfd4996cb3dc -> 
  custom:container-muxer-webm: aa71ff27fc2769a1b78a27578f13a17b -> 
  custom:container-demuxer-webm: 4f35f7cbe854078d1ac9338744f61a02 -> 
  custom:container-demuxer-ogg: 62fdf1f143b41e24485cea50d1cbac27 -> 
  custom:video-encoder-webm-vp8: eb34c28f22e8b96e1ab97ce403110664 -> 
  custom:video-decoder-webm-vp8: 9c59270c3fd7afecdb556c50c9e8de78 -> 
  custom:audio-decoder-ogg-vorbis: bf7c407c2cedff20999df2af8eb42d56 -> 
  custom:audio-encoder-webm-vorbis: bf7c407c2cedff20999df2af8eb42d56 -> 
========================================================================
Received Import Request.
  Time since last request: 744.618321 seconds.
  path: Assets/Game/Pickup/Health Pickup.prefab
  artifactKey: Guid(c6d64f5ea243aa742ba42c508c3d911d) Importer(815301076,1909f56bfc062723c751e8b465ee728b)
Start importing Assets/Game/Pickup/Health Pickup.prefab using Guid(c6d64f5ea243aa742ba42c508c3d911d) Importer(815301076,1909f56bfc062723c751e8b465ee728b)  -> (artifact id: 'd01ae95773431aa350c219bf0ccad4f8') in 0.051129 seconds 
  Import took 0.053618 seconds .

========================================================================
Received Import Request.
  Time since last request: 0.000149 seconds.
  path: Assets/Game/Pickup/Root Pickup.prefab
  artifactKey: Guid(84b12152f1098bb4bb98df8757cebf7f) Importer(815301076,1909f56bfc062723c751e8b465ee728b)
Start importing Assets/Game/Pickup/Root Pickup.prefab using Guid(84b12152f1098bb4bb98df8757cebf7f) Importer(815301076,1909f56bfc062723c751e8b465ee728b)  -> (artifact id: '7fa7d43038611a7e33ecc39e84d6df25') in 0.007748 seconds 
  Import took 0.010001 seconds .

========================================================================
Received Import Request.
  Time since last request: 0.000141 seconds.
  path: Assets/Game/Pickup/Bow Pickup.prefab
  artifactKey: Guid(6ce5595758831fa40b6579f4e1a639ab) Importer(815301076,1909f56bfc062723c751e8b465ee728b)
Start importing Assets/Game/Pickup/Bow Pickup.prefab using Guid(6ce5595758831fa40b6579f4e1a639ab) Importer(815301076,1909f56bfc062723c751e8b465ee728b)  -> (artifact id: 'b646c24e1342849ceb88ce18008b33d5') in 0.023673 seconds 
  Import took 0.026161 seconds .

========================================================================
Received Import Request.
  Time since last request: 0.000150 seconds.
  path: Assets/Game/Pickup/Sword Pickup.prefab
  artifactKey: Guid(7d84b200a9650bb4e8feeff15536721e) Importer(815301076,1909f56bfc062723c751e8b465ee728b)
Start importing Assets/Game/Pickup/Sword Pickup.prefab using Guid(7d84b200a9650bb4e8feeff15536721e) Importer(815301076,1909f56bfc062723c751e8b465ee728b)  -> (artifact id: 'd6db566b14f19b50cd475818cf092f86') in 0.018230 seconds 
  Import took 0.020741 seconds .

========================================================================
Received Import Request.
  Time since last request: 0.000151 seconds.
  path: Assets/Game/Pickup/Fireball Pickup.prefab
  artifactKey: Guid(39ab3a0027c45f04b8286b618927686b) Importer(815301076,1909f56bfc062723c751e8b465ee728b)
Start importing Assets/Game/Pickup/Fireball Pickup.prefab using Guid(39ab3a0027c45f04b8286b618927686b) Importer(815301076,1909f56bfc062723c751e8b465ee728b)  -> (artifact id: 'f94d823872975e7911c5e0a7a84741f8') in 0.019778 seconds 
  Import took 0.023332 seconds .

========================================================================
Received Import Request.
  Time since last request: 2.361369 seconds.
  path: Assets/Game/Pickup/Root Pickup Variant.prefab
  artifactKey: Guid(c6d64f5ea243aa742ba42c508c3d911d) Importer(815301076,1909f56bfc062723c751e8b465ee728b)
Start importing Assets/Game/Pickup/Root Pickup Variant.prefab using Guid(c6d64f5ea243aa742ba42c508c3d911d) Importer(815301076,1909f56bfc062723c751e8b465ee728b)  -> (artifact id: '9a2d52cd002ee445a03a87a2084933a0') in 0.012191 seconds 
  Import took 0.015097 seconds .

========================================================================
Received Import Request.
  Time since last request: 0.009714 seconds.
  path: Assets/Game/Pickup/Root Pickup Variant.prefab
  artifactKey: Guid(c6d64f5ea243aa742ba42c508c3d911d) Importer(815301076,1909f56bfc062723c751e8b465ee728b)
Start importing Assets/Game/Pickup/Root Pickup Variant.prefab using Guid(c6d64f5ea243aa742ba42c508c3d911d) Importer(815301076,1909f56bfc062723c751e8b465ee728b)  -> (artifact id: '9a2d52cd002ee445a03a87a2084933a0') in 0.010447 seconds 
  Import took 0.012687 seconds .

AssetImportWorkerClient::OnTransportError - code=2 error=End of file
